Determining if the pthread_create exist failed with the following output:
Change Dir: /home/ahmed/Work/Tutorials/ros/catkin_workspace/build/CMakeFiles/CMakeTmp

Run Build Command:/usr/bin/make "cmTryCompileExec2437447400/fast"
/usr/bin/make -f CMakeFiles/cmTryCompileExec2437447400.dir/build.make CMakeFiles/cmTryCompileExec2437447400.dir/build
make[1]: Entering directory `/home/ahmed/Work/Tutorials/ros/catkin_workspace/build/CMakeFiles/CMakeTmp'
/usr/bin/cmake -E cmake_progress_report /home/ahmed/Work/Tutorials/ros/catkin_workspace/build/CMakeFiles/CMakeTmp/CMakeFiles 1
Building C object CMakeFiles/cmTryCompileExec2437447400.dir/CheckSymbolExists.c.o
/usr/bin/cc    -o CMakeFiles/cmTryCompileExec2437447400.dir/CheckSymbolExists.c.o   -c /home/ahmed/Work/Tutorials/ros/catkin_workspace/build/CMakeFiles/CMakeTmp/CheckSymbolExists.c
Linking C executable cmTryCompileExec2437447400
/usr/bin/cmake -E cmake_link_script CMakeFiles/cmTryCompileExec2437447400.dir/link.txt --verbose=1
/usr/bin/cc       CMakeFiles/cmTryCompileExec2437447400.dir/CheckSymbolExists.c.o  -o cmTryCompileExec2437447400 -rdynamic 
CMakeFiles/cmTryCompileExec2437447400.dir/CheckSymbolExists.c.o: In function `main':
CheckSymbolExists.c:(.text+0x16): undefined reference to `pthread_create'
collect2: error: ld returned 1 exit status
make[1]: *** [cmTryCompileExec2437447400] Error 1
make[1]: Leaving directory `/home/ahmed/Work/Tutorials/ros/catkin_workspace/build/CMakeFiles/CMakeTmp'
make: *** [cmTryCompileExec2437447400/fast] Error 2

File /home/ahmed/Work/Tutorials/ros/catkin_workspace/build/CMakeFiles/CMakeTmp/CheckSymbolExists.c:
/* */
#include <pthread.h>

int main(int argc, char** argv)
{
  (void)argv;
#ifndef pthread_create
  return ((int*)(&pthread_create))[argc];
#else
  (void)argc;
  return 0;
#endif
}

Determining if the function pthread_create exists in the pthreads failed with the following output:
Change Dir: /home/ahmed/Work/Tutorials/ros/catkin_workspace/build/CMakeFiles/CMakeTmp

Run Build Command:/usr/bin/make "cmTryCompileExec1395212402/fast"
/usr/bin/make -f CMakeFiles/cmTryCompileExec1395212402.dir/build.make CMakeFiles/cmTryCompileExec1395212402.dir/build
make[1]: Entering directory `/home/ahmed/Work/Tutorials/ros/catkin_workspace/build/CMakeFiles/CMakeTmp'
/usr/bin/cmake -E cmake_progress_report /home/ahmed/Work/Tutorials/ros/catkin_workspace/build/CMakeFiles/CMakeTmp/CMakeFiles 1
Building C object CMakeFiles/cmTryCompileExec1395212402.dir/CheckFunctionExists.c.o
/usr/bin/cc   -DCHECK_FUNCTION_EXISTS=pthread_create   -o CMakeFiles/cmTryCompileExec1395212402.dir/CheckFunctionExists.c.o   -c /usr/share/cmake-2.8/Modules/CheckFunctionExists.c
Linking C executable cmTryCompileExec1395212402
/usr/bin/cmake -E cmake_link_script CMakeFiles/cmTryCompileExec1395212402.dir/link.txt --verbose=1
/usr/bin/cc   -DCHECK_FUNCTION_EXISTS=pthread_create    CMakeFiles/cmTryCompileExec1395212402.dir/CheckFunctionExists.c.o  -o cmTryCompileExec1395212402 -rdynamic -lpthreads 
/usr/bin/ld: cannot find -lpthreads
collect2: error: ld returned 1 exit status
make[1]: *** [cmTryCompileExec1395212402] Error 1
make[1]: Leaving directory `/home/ahmed/Work/Tutorials/ros/catkin_workspace/build/CMakeFiles/CMakeTmp'
make: *** [cmTryCompileExec1395212402/fast] Error 2


